<html>
<head>
<title>TestNG:  Test</title>
<link href="../testng.css" rel="stylesheet" type="text/css" />
<link href="../my-testng.css" rel="stylesheet" type="text/css" />

<style type="text/css">
.log { display: none;} 
.stack-trace { display: none;} 
</style>
<script type="text/javascript">
<!--
function flip(e) {
  current = e.style.display;
  if (current == 'block') {
    e.style.display = 'none';
    return 0;
  }
  else {
    e.style.display = 'block';
    return 1;
  }
}

function toggleBox(szDivId, elem, msg1, msg2)
{
  var res = -1;  if (document.getElementById) {
    res = flip(document.getElementById(szDivId));
  }
  else if (document.all) {
    // this is the way old msie versions work
    res = flip(document.all[szDivId]);
  }
  if(elem) {
    if(res == 0) elem.innerHTML = msg1; else elem.innerHTML = msg2;
  }

}

function toggleAllBoxes() {
  if (document.getElementsByTagName) {
    d = document.getElementsByTagName('div');
    for (i = 0; i < d.length; i++) {
      if (d[i].className == 'log') {
        flip(d[i]);
      }
    }
  }
}

// -->
</script>

</head>
<body>
<h2 align='center'>Test</h2><table border='1' align="center">
<tr>
<td>Tests passed/Failed/Skipped:</td><td>0/3/0</td>
</tr><tr>
<td>Started on:</td><td>Tue Sep 27 07:39:51 PDT 2022</td>
</tr>
<tr><td>Total time:</td><td>243 seconds (243199 ms)</td>
</tr><tr>
<td>Included groups:</td><td></td>
</tr><tr>
<td>Excluded groups:</td><td></td>
</tr>
</table><p/>
<small><i>(Hover the method name to see the test class name)</i></small><p/>
<table width='100%' border='1' class='invocation-failed'>
<tr><td colspan='4' align='center'><b>FAILED TESTS</b></td></tr>
<tr><td><b>Test method</b></td>
<td width="30%"><b>Exception</b></td>
<td width="10%"><b>Time (seconds)</b></td>
<td><b>Instance</b></td>
</tr>
<tr>
<td title='com.insurance_calaculation_motorcycle.EndtoEnd_Test_Motorcycle.insurance_Calculate()'><b>insurance_Calculate</b><br>Test class: com.insurance_calaculation_motorcycle.EndtoEnd_Test_Motorcycle<br>Parameters: {Insurant_Country=India, Vehicle_Annual_Mileage=100.0, Insurant_Firstname=prakash, Insurant_Lastname=NNNN, Producy_Damageinsurance=Partial Coverage, Vehicle_Date_Of_Manufacture=09/04/2001, Insurant_Hobby=Speeding,Other, Product_Start_Date=12/12/2020, priceValidation_Platinum=1379.0, Product_Optionalproduct=Euro Protection, Vehicle_Eng_Performance=666.0, Vehicle_Make=Honda, Vehicle_List_Price=888.0, priceValidation_Silver=701.0, priceValidation_Ultimate=2621.0, Inusrant_Gender=Male, TC no=1.0, Vehicle_Model=Motorcycle, Insurant_DateofBirth=12/12/1996, Insurant_Occupation=Farmer, Vehicle_No_of_Seats_Motorcycle=2.0, Vehicle_CylinderCapcity=333.0, priceValidation_Gold=238.0, TC Name=Verify Insurance  premium for Honda Motor Cycle, Insurant_Zipcode=444061.0, Product_Insurancesum=5.000.000,00, select_Option=Silver, ?=?}</td>
<td><div><pre>java.lang.Exception: value is not present in dropdown for WebElement:[[ChromeDriver: chrome on WINDOWS (272ba9afd317dbf93a96ebfc41c746b1)] -&gt; id: numberofseatsmotorcycle]Value to be selected is:2.0
	at com.reusablecomponent.Common_Methods.selectDropdownOption(Common_Methods.java:22)
	at com.pageobjects.Enter_Vehicle_DataPage.enter_VechicleData(Enter_Vehicle_DataPage.java:84)
	at com.insurance_calaculation_motorcycle.EndtoEnd_Test_Motorcycle.insurance_Calculate(EndtoEnd_Test_Motorcycle.java:35)
	at java.util.ArrayList.forEach(Unknown Source)
... Removed 31 stack frames</pre></div><a href='#' onClick='toggleBox("stack-trace774095232", this, "Click to show all stack frames", "Click to hide stack frames")'>Click to show all stack frames</a>
<div class='stack-trace' id='stack-trace774095232'><pre>java.lang.Exception: value is not present in dropdown for WebElement:[[ChromeDriver: chrome on WINDOWS (272ba9afd317dbf93a96ebfc41c746b1)] -&gt; id: numberofseatsmotorcycle]Value to be selected is:2.0
	at com.reusablecomponent.Common_Methods.selectDropdownOption(Common_Methods.java:22)
	at com.pageobjects.Enter_Vehicle_DataPage.enter_VechicleData(Enter_Vehicle_DataPage.java:84)
	at com.insurance_calaculation_motorcycle.EndtoEnd_Test_Motorcycle.insurance_Calculate(EndtoEnd_Test_Motorcycle.java:35)
	at sun.reflect.NativeMethodAccessorImpl.invoke0(Native Method)
	at sun.reflect.NativeMethodAccessorImpl.invoke(Unknown Source)
	at sun.reflect.DelegatingMethodAccessorImpl.invoke(Unknown Source)
	at java.lang.reflect.Method.invoke(Unknown Source)
	at org.testng.internal.MethodInvocationHelper.invokeMethod(MethodInvocationHelper.java:134)
	at org.testng.internal.TestInvoker.invokeMethod(TestInvoker.java:597)
	at org.testng.internal.TestInvoker.invokeTestMethod(TestInvoker.java:173)
	at org.testng.internal.MethodRunner.runInSequence(MethodRunner.java:46)
	at org.testng.internal.TestInvoker$MethodInvocationAgent.invoke(TestInvoker.java:816)
	at org.testng.internal.TestInvoker.invokeTestMethods(TestInvoker.java:146)
	at org.testng.internal.TestMethodWorker.invokeTestMethods(TestMethodWorker.java:146)
	at org.testng.internal.TestMethodWorker.run(TestMethodWorker.java:128)
	at java.util.ArrayList.forEach(Unknown Source)
	at org.testng.TestRunner.privateRun(TestRunner.java:766)
	at org.testng.TestRunner.run(TestRunner.java:587)
	at org.testng.SuiteRunner.runTest(SuiteRunner.java:384)
	at org.testng.SuiteRunner.runSequentially(SuiteRunner.java:378)
	at org.testng.SuiteRunner.privateRun(SuiteRunner.java:337)
	at org.testng.SuiteRunner.run(SuiteRunner.java:286)
	at org.testng.SuiteRunnerWorker.runSuite(SuiteRunnerWorker.java:53)
	at org.testng.SuiteRunnerWorker.run(SuiteRunnerWorker.java:96)
	at org.testng.TestNG.runSuitesSequentially(TestNG.java:1187)
	at org.testng.TestNG.runSuitesLocally(TestNG.java:1109)
	at org.testng.TestNG.runSuites(TestNG.java:1039)
	at org.testng.TestNG.run(TestNG.java:1007)
	at org.apache.maven.surefire.testng.TestNGExecutor.run(TestNGExecutor.java:324)
	at org.apache.maven.surefire.testng.TestNGXmlTestSuite.execute(TestNGXmlTestSuite.java:74)
	at org.apache.maven.surefire.testng.TestNGProvider.invoke(TestNGProvider.java:123)
	at org.apache.maven.surefire.booter.ForkedBooter.runSuitesInProcess(ForkedBooter.java:456)
	at org.apache.maven.surefire.booter.ForkedBooter.execute(ForkedBooter.java:169)
	at org.apache.maven.surefire.booter.ForkedBooter.run(ForkedBooter.java:595)
	at org.apache.maven.surefire.booter.ForkedBooter.main(ForkedBooter.java:581)
</pre></div></td>
<td>52</td>
<td>com.insurance_calaculation_motorcycle.EndtoEnd_Test_Motorcycle@7bd4937b</td></tr>
<tr>
<td title='com.insurance_calaculation_motorcycle.EndtoEnd_Test_Motorcycle.insurance_Calculate()'><b>insurance_Calculate</b><br>Test class: com.insurance_calaculation_motorcycle.EndtoEnd_Test_Motorcycle<br>Parameters: {Insurant_Country=Sweden, Vehicle_Annual_Mileage=100.0, Insurant_Firstname=Seema, Insurant_Lastname=NNNN, Producy_Damageinsurance=Partial Coverage, Vehicle_Date_Of_Manufacture=09/04/2001, Insurant_Hobby=Speeding,Other, Product_Start_Date=12/12/2025, priceValidation_Platinum=1379.0, Product_Optionalproduct=Euro Protection, Vehicle_Eng_Performance=900.0, Vehicle_Make=Volvo, Vehicle_List_Price=888.0, priceValidation_Silver=702.0, priceValidation_Ultimate=2622.0, Inusrant_Gender=Female, TC no=2.0, Vehicle_Model=Scooter, Insurant_DateofBirth=12/12/1997, Insurant_Occupation=Farmer, Vehicle_No_of_Seats_Motorcycle=2.0, Vehicle_CylinderCapcity=900.0, priceValidation_Gold=238.0, TC Name=Verify Insurance  premium for Volvo Scooter, Insurant_Zipcode=444061.0, Product_Insurancesum=20.000.000,00, select_Option=Gold, ?=?}</td>
<td><div><pre>java.lang.Exception: value is not present in dropdown for WebElement:[[ChromeDriver: chrome on WINDOWS (0dea31cac65a6263e71a009dd64aa72f)] -&gt; id: numberofseatsmotorcycle]Value to be selected is:2.0
	at com.reusablecomponent.Common_Methods.selectDropdownOption(Common_Methods.java:22)
	at com.pageobjects.Enter_Vehicle_DataPage.enter_VechicleData(Enter_Vehicle_DataPage.java:84)
	at com.insurance_calaculation_motorcycle.EndtoEnd_Test_Motorcycle.insurance_Calculate(EndtoEnd_Test_Motorcycle.java:35)
	at java.util.ArrayList.forEach(Unknown Source)
... Removed 31 stack frames</pre></div><a href='#' onClick='toggleBox("stack-trace1818453711", this, "Click to show all stack frames", "Click to hide stack frames")'>Click to show all stack frames</a>
<div class='stack-trace' id='stack-trace1818453711'><pre>java.lang.Exception: value is not present in dropdown for WebElement:[[ChromeDriver: chrome on WINDOWS (0dea31cac65a6263e71a009dd64aa72f)] -&gt; id: numberofseatsmotorcycle]Value to be selected is:2.0
	at com.reusablecomponent.Common_Methods.selectDropdownOption(Common_Methods.java:22)
	at com.pageobjects.Enter_Vehicle_DataPage.enter_VechicleData(Enter_Vehicle_DataPage.java:84)
	at com.insurance_calaculation_motorcycle.EndtoEnd_Test_Motorcycle.insurance_Calculate(EndtoEnd_Test_Motorcycle.java:35)
	at sun.reflect.NativeMethodAccessorImpl.invoke0(Native Method)
	at sun.reflect.NativeMethodAccessorImpl.invoke(Unknown Source)
	at sun.reflect.DelegatingMethodAccessorImpl.invoke(Unknown Source)
	at java.lang.reflect.Method.invoke(Unknown Source)
	at org.testng.internal.MethodInvocationHelper.invokeMethod(MethodInvocationHelper.java:134)
	at org.testng.internal.TestInvoker.invokeMethod(TestInvoker.java:597)
	at org.testng.internal.TestInvoker.invokeTestMethod(TestInvoker.java:173)
	at org.testng.internal.MethodRunner.runInSequence(MethodRunner.java:46)
	at org.testng.internal.TestInvoker$MethodInvocationAgent.invoke(TestInvoker.java:816)
	at org.testng.internal.TestInvoker.invokeTestMethods(TestInvoker.java:146)
	at org.testng.internal.TestMethodWorker.invokeTestMethods(TestMethodWorker.java:146)
	at org.testng.internal.TestMethodWorker.run(TestMethodWorker.java:128)
	at java.util.ArrayList.forEach(Unknown Source)
	at org.testng.TestRunner.privateRun(TestRunner.java:766)
	at org.testng.TestRunner.run(TestRunner.java:587)
	at org.testng.SuiteRunner.runTest(SuiteRunner.java:384)
	at org.testng.SuiteRunner.runSequentially(SuiteRunner.java:378)
	at org.testng.SuiteRunner.privateRun(SuiteRunner.java:337)
	at org.testng.SuiteRunner.run(SuiteRunner.java:286)
	at org.testng.SuiteRunnerWorker.runSuite(SuiteRunnerWorker.java:53)
	at org.testng.SuiteRunnerWorker.run(SuiteRunnerWorker.java:96)
	at org.testng.TestNG.runSuitesSequentially(TestNG.java:1187)
	at org.testng.TestNG.runSuitesLocally(TestNG.java:1109)
	at org.testng.TestNG.runSuites(TestNG.java:1039)
	at org.testng.TestNG.run(TestNG.java:1007)
	at org.apache.maven.surefire.testng.TestNGExecutor.run(TestNGExecutor.java:324)
	at org.apache.maven.surefire.testng.TestNGXmlTestSuite.execute(TestNGXmlTestSuite.java:74)
	at org.apache.maven.surefire.testng.TestNGProvider.invoke(TestNGProvider.java:123)
	at org.apache.maven.surefire.booter.ForkedBooter.runSuitesInProcess(ForkedBooter.java:456)
	at org.apache.maven.surefire.booter.ForkedBooter.execute(ForkedBooter.java:169)
	at org.apache.maven.surefire.booter.ForkedBooter.run(ForkedBooter.java:595)
	at org.apache.maven.surefire.booter.ForkedBooter.main(ForkedBooter.java:581)
</pre></div></td>
<td>22</td>
<td>com.insurance_calaculation_motorcycle.EndtoEnd_Test_Motorcycle@7bd4937b</td></tr>
<tr>
<td title='com.insurance_calaculation_motorcycle.EndtoEnd_Test_Motorcycle.insurance_Calculate()'><b>insurance_Calculate</b><br>Test class: com.insurance_calaculation_motorcycle.EndtoEnd_Test_Motorcycle<br>Parameters: {Insurant_Country=Sweden, Vehicle_Annual_Mileage=100.0, Insurant_Firstname=Savali, Insurant_Lastname=NNNN, Producy_Damageinsurance=Partial Coverage, Vehicle_Date_Of_Manufacture=09/04/2001, Insurant_Hobby=Speeding,Other, Product_Start_Date=12/12/2027, priceValidation_Platinum=507.0, Product_Optionalproduct=Euro Protection, Vehicle_Eng_Performance=100.0, Vehicle_Make=Ford, Vehicle_List_Price=1000.0, priceValidation_Silver=87.0, priceValidation_Ultimate=967.0, Inusrant_Gender=Female, TC no=3.0, Vehicle_Model=Moped, Insurant_DateofBirth=12/12/1998, Insurant_Occupation=Farmer, Vehicle_No_of_Seats_Motorcycle=2.0, Vehicle_CylinderCapcity=100.0, priceValidation_Gold=238.0, TC Name=Verify Insurance premium for Ford Moped, Insurant_Zipcode=444061.0, Product_Insurancesum=2.000.000,00, select_Option=Ultimate, ?=?}</td>
<td><div><pre>java.lang.Exception: value is not present in dropdown for WebElement:[[ChromeDriver: chrome on WINDOWS (aca4223860e91af422fcc348eaee00a1)] -&gt; id: numberofseatsmotorcycle]Value to be selected is:2.0
	at com.reusablecomponent.Common_Methods.selectDropdownOption(Common_Methods.java:22)
	at com.pageobjects.Enter_Vehicle_DataPage.enter_VechicleData(Enter_Vehicle_DataPage.java:84)
	at com.insurance_calaculation_motorcycle.EndtoEnd_Test_Motorcycle.insurance_Calculate(EndtoEnd_Test_Motorcycle.java:35)
	at java.util.ArrayList.forEach(Unknown Source)
... Removed 31 stack frames</pre></div><a href='#' onClick='toggleBox("stack-trace632115057", this, "Click to show all stack frames", "Click to hide stack frames")'>Click to show all stack frames</a>
<div class='stack-trace' id='stack-trace632115057'><pre>java.lang.Exception: value is not present in dropdown for WebElement:[[ChromeDriver: chrome on WINDOWS (aca4223860e91af422fcc348eaee00a1)] -&gt; id: numberofseatsmotorcycle]Value to be selected is:2.0
	at com.reusablecomponent.Common_Methods.selectDropdownOption(Common_Methods.java:22)
	at com.pageobjects.Enter_Vehicle_DataPage.enter_VechicleData(Enter_Vehicle_DataPage.java:84)
	at com.insurance_calaculation_motorcycle.EndtoEnd_Test_Motorcycle.insurance_Calculate(EndtoEnd_Test_Motorcycle.java:35)
	at sun.reflect.NativeMethodAccessorImpl.invoke0(Native Method)
	at sun.reflect.NativeMethodAccessorImpl.invoke(Unknown Source)
	at sun.reflect.DelegatingMethodAccessorImpl.invoke(Unknown Source)
	at java.lang.reflect.Method.invoke(Unknown Source)
	at org.testng.internal.MethodInvocationHelper.invokeMethod(MethodInvocationHelper.java:134)
	at org.testng.internal.TestInvoker.invokeMethod(TestInvoker.java:597)
	at org.testng.internal.TestInvoker.invokeTestMethod(TestInvoker.java:173)
	at org.testng.internal.MethodRunner.runInSequence(MethodRunner.java:46)
	at org.testng.internal.TestInvoker$MethodInvocationAgent.invoke(TestInvoker.java:816)
	at org.testng.internal.TestInvoker.invokeTestMethods(TestInvoker.java:146)
	at org.testng.internal.TestMethodWorker.invokeTestMethods(TestMethodWorker.java:146)
	at org.testng.internal.TestMethodWorker.run(TestMethodWorker.java:128)
	at java.util.ArrayList.forEach(Unknown Source)
	at org.testng.TestRunner.privateRun(TestRunner.java:766)
	at org.testng.TestRunner.run(TestRunner.java:587)
	at org.testng.SuiteRunner.runTest(SuiteRunner.java:384)
	at org.testng.SuiteRunner.runSequentially(SuiteRunner.java:378)
	at org.testng.SuiteRunner.privateRun(SuiteRunner.java:337)
	at org.testng.SuiteRunner.run(SuiteRunner.java:286)
	at org.testng.SuiteRunnerWorker.runSuite(SuiteRunnerWorker.java:53)
	at org.testng.SuiteRunnerWorker.run(SuiteRunnerWorker.java:96)
	at org.testng.TestNG.runSuitesSequentially(TestNG.java:1187)
	at org.testng.TestNG.runSuitesLocally(TestNG.java:1109)
	at org.testng.TestNG.runSuites(TestNG.java:1039)
	at org.testng.TestNG.run(TestNG.java:1007)
	at org.apache.maven.surefire.testng.TestNGExecutor.run(TestNGExecutor.java:324)
	at org.apache.maven.surefire.testng.TestNGXmlTestSuite.execute(TestNGXmlTestSuite.java:74)
	at org.apache.maven.surefire.testng.TestNGProvider.invoke(TestNGProvider.java:123)
	at org.apache.maven.surefire.booter.ForkedBooter.runSuitesInProcess(ForkedBooter.java:456)
	at org.apache.maven.surefire.booter.ForkedBooter.execute(ForkedBooter.java:169)
	at org.apache.maven.surefire.booter.ForkedBooter.run(ForkedBooter.java:595)
	at org.apache.maven.surefire.booter.ForkedBooter.main(ForkedBooter.java:581)
</pre></div></td>
<td>22</td>
<td>com.insurance_calaculation_motorcycle.EndtoEnd_Test_Motorcycle@7bd4937b</td></tr>
</table><p>
</body>
</html>