<?xml version="1.0" encoding="UTF-8"?>
<!-- Generated by org.testng.reporters.JUnitXMLReporter -->
<testsuite hostname="DESKTOP-UPRR8E8" ignored="0" name="Test" tests="3" failures="3" timestamp="2022-09-27T07:43:54 PDT" time="243.199" errors="0">
  <testcase name="insurance_Calculate" time="52.0" classname="com.insurance_calaculation_motorcycle.EndtoEnd_Test_Motorcycle">
    <failure type="java.lang.Exception" message="value is not present in dropdown for WebElement:[[ChromeDriver: chrome on WINDOWS (272ba9afd317dbf93a96ebfc41c746b1)] -&amp;gt; id: numberofseatsmotorcycle]Value to be selected is:2.0">
      <![CDATA[java.lang.Exception: value is not present in dropdown for WebElement:[[ChromeDriver: chrome on WINDOWS (272ba9afd317dbf93a96ebfc41c746b1)] -> id: numberofseatsmotorcycle]Value to be selected is:2.0
at com.reusablecomponent.Common_Methods.selectDropdownOption(Common_Methods.java:22)
at com.pageobjects.Enter_Vehicle_DataPage.enter_VechicleData(Enter_Vehicle_DataPage.java:84)
at com.insurance_calaculation_motorcycle.EndtoEnd_Test_Motorcycle.insurance_Calculate(EndtoEnd_Test_Motorcycle.java:35)
at java.util.ArrayList.forEach(Unknown Source)
... Removed 31 stack frames]]>
    </failure>
  </testcase> <!-- insurance_Calculate -->
  <testcase name="insurance_Calculate" time="22.953" classname="com.insurance_calaculation_motorcycle.EndtoEnd_Test_Motorcycle">
    <failure type="java.lang.Exception" message="value is not present in dropdown for WebElement:[[ChromeDriver: chrome on WINDOWS (0dea31cac65a6263e71a009dd64aa72f)] -&amp;gt; id: numberofseatsmotorcycle]Value to be selected is:2.0">
      <![CDATA[java.lang.Exception: value is not present in dropdown for WebElement:[[ChromeDriver: chrome on WINDOWS (0dea31cac65a6263e71a009dd64aa72f)] -> id: numberofseatsmotorcycle]Value to be selected is:2.0
at com.reusablecomponent.Common_Methods.selectDropdownOption(Common_Methods.java:22)
at com.pageobjects.Enter_Vehicle_DataPage.enter_VechicleData(Enter_Vehicle_DataPage.java:84)
at com.insurance_calaculation_motorcycle.EndtoEnd_Test_Motorcycle.insurance_Calculate(EndtoEnd_Test_Motorcycle.java:35)
at java.util.ArrayList.forEach(Unknown Source)
... Removed 31 stack frames]]>
    </failure>
  </testcase> <!-- insurance_Calculate -->
  <testcase name="insurance_Calculate" time="22.486" classname="com.insurance_calaculation_motorcycle.EndtoEnd_Test_Motorcycle">
    <failure type="java.lang.Exception" message="value is not present in dropdown for WebElement:[[ChromeDriver: chrome on WINDOWS (aca4223860e91af422fcc348eaee00a1)] -&amp;gt; id: numberofseatsmotorcycle]Value to be selected is:2.0">
      <![CDATA[java.lang.Exception: value is not present in dropdown for WebElement:[[ChromeDriver: chrome on WINDOWS (aca4223860e91af422fcc348eaee00a1)] -> id: numberofseatsmotorcycle]Value to be selected is:2.0
at com.reusablecomponent.Common_Methods.selectDropdownOption(Common_Methods.java:22)
at com.pageobjects.Enter_Vehicle_DataPage.enter_VechicleData(Enter_Vehicle_DataPage.java:84)
at com.insurance_calaculation_motorcycle.EndtoEnd_Test_Motorcycle.insurance_Calculate(EndtoEnd_Test_Motorcycle.java:35)
at java.util.ArrayList.forEach(Unknown Source)
... Removed 31 stack frames]]>
    </failure>
  </testcase> <!-- insurance_Calculate -->
</testsuite> <!-- Test -->
