<?xml version="1.0" encoding="UTF-8"?>
<!-- Generated by org.testng.reporters.JUnitReportReporter -->
<testsuite skipped="0" hostname="DESKTOP-UPRR8E8" name="com.insurance_calaculation_motorcycle.EndtoEnd_Test_Motorcycle" tests="3" failures="0" timestamp="2022-09-27T05:02:15 PDT" time="229.977" errors="3">
  <testcase name="insurance_Calculate" time="45.647" classname="com.insurance_calaculation_motorcycle.EndtoEnd_Test_Motorcycle">
    <error type="java.lang.Exception" message="value is not present in dropdown for WebElement:[[ChromeDriver: chrome on WINDOWS (38f334f04f96d563c59a728733ad79a2)] -&gt; xpath: //select[@id=&#039;model&#039;]]Value to be selected is:Vehicle_Model">
      <![CDATA[java.lang.Exception: value is not present in dropdown for WebElement:[[ChromeDriver: chrome on WINDOWS (38f334f04f96d563c59a728733ad79a2)] -> xpath: //select[@id='model']]Value to be selected is:Vehicle_Model
at com.reusablecomponent.Common_Methods.selectDropdownOption(Common_Methods.java:22)
at com.pageobjects.Enter_Vehicle_DataPage.enter_VechicleData(Enter_Vehicle_DataPage.java:80)
at com.insurance_calaculation_motorcycle.EndtoEnd_Test_Motorcycle.insurance_Calculate(EndtoEnd_Test_Motorcycle.java:35)
at sun.reflect.NativeMethodAccessorImpl.invoke0(Native Method)
at sun.reflect.NativeMethodAccessorImpl.invoke(Unknown Source)
at sun.reflect.DelegatingMethodAccessorImpl.invoke(Unknown Source)
at java.lang.reflect.Method.invoke(Unknown Source)
at org.testng.internal.MethodInvocationHelper.invokeMethod(MethodInvocationHelper.java:133)
at org.testng.internal.TestInvoker.invokeMethod(TestInvoker.java:598)
at org.testng.internal.TestInvoker.invokeTestMethod(TestInvoker.java:173)
at org.testng.internal.MethodRunner.runInSequence(MethodRunner.java:46)
at org.testng.internal.TestInvoker$MethodInvocationAgent.invoke(TestInvoker.java:824)
at org.testng.internal.TestInvoker.invokeTestMethods(TestInvoker.java:146)
at org.testng.internal.TestMethodWorker.invokeTestMethods(TestMethodWorker.java:146)
at org.testng.internal.TestMethodWorker.run(TestMethodWorker.java:128)
at java.util.ArrayList.forEach(Unknown Source)
at org.testng.TestRunner.privateRun(TestRunner.java:794)
at org.testng.TestRunner.run(TestRunner.java:596)
at org.testng.SuiteRunner.runTest(SuiteRunner.java:377)
at org.testng.SuiteRunner.runSequentially(SuiteRunner.java:371)
at org.testng.SuiteRunner.privateRun(SuiteRunner.java:332)
at org.testng.SuiteRunner.run(SuiteRunner.java:276)
at org.testng.SuiteRunnerWorker.runSuite(SuiteRunnerWorker.java:53)
at org.testng.SuiteRunnerWorker.run(SuiteRunnerWorker.java:96)
at org.testng.TestNG.runSuitesSequentially(TestNG.java:1212)
at org.testng.TestNG.runSuitesLocally(TestNG.java:1134)
at org.testng.TestNG.runSuites(TestNG.java:1063)
at org.testng.TestNG.run(TestNG.java:1031)
at org.testng.remote.AbstractRemoteTestNG.run(AbstractRemoteTestNG.java:115)
at org.testng.remote.RemoteTestNG.initAndRun(RemoteTestNG.java:251)
at org.testng.remote.RemoteTestNG.main(RemoteTestNG.java:77)
]]>
    </error>
  </testcase> <!-- insurance_Calculate -->
  <system-out/>
  <testcase name="insurance_Calculate" time="101.386" classname="com.insurance_calaculation_motorcycle.EndtoEnd_Test_Motorcycle">
    <error type="java.lang.Exception" message="value is not present in dropdown for WebElement:[[ChromeDriver: chrome on WINDOWS (ef93d5dabe73997d5644db781ce62a0f)] -&gt; xpath: //select[@id=&#039;model&#039;]]Value to be selected is:Vehicle_Model">
      <![CDATA[java.lang.Exception: value is not present in dropdown for WebElement:[[ChromeDriver: chrome on WINDOWS (ef93d5dabe73997d5644db781ce62a0f)] -> xpath: //select[@id='model']]Value to be selected is:Vehicle_Model
at com.reusablecomponent.Common_Methods.selectDropdownOption(Common_Methods.java:22)
at com.pageobjects.Enter_Vehicle_DataPage.enter_VechicleData(Enter_Vehicle_DataPage.java:80)
at com.insurance_calaculation_motorcycle.EndtoEnd_Test_Motorcycle.insurance_Calculate(EndtoEnd_Test_Motorcycle.java:35)
at sun.reflect.NativeMethodAccessorImpl.invoke0(Native Method)
at sun.reflect.NativeMethodAccessorImpl.invoke(Unknown Source)
at sun.reflect.DelegatingMethodAccessorImpl.invoke(Unknown Source)
at java.lang.reflect.Method.invoke(Unknown Source)
at org.testng.internal.MethodInvocationHelper.invokeMethod(MethodInvocationHelper.java:133)
at org.testng.internal.TestInvoker.invokeMethod(TestInvoker.java:598)
at org.testng.internal.TestInvoker.invokeTestMethod(TestInvoker.java:173)
at org.testng.internal.MethodRunner.runInSequence(MethodRunner.java:46)
at org.testng.internal.TestInvoker$MethodInvocationAgent.invoke(TestInvoker.java:824)
at org.testng.internal.TestInvoker.invokeTestMethods(TestInvoker.java:146)
at org.testng.internal.TestMethodWorker.invokeTestMethods(TestMethodWorker.java:146)
at org.testng.internal.TestMethodWorker.run(TestMethodWorker.java:128)
at java.util.ArrayList.forEach(Unknown Source)
at org.testng.TestRunner.privateRun(TestRunner.java:794)
at org.testng.TestRunner.run(TestRunner.java:596)
at org.testng.SuiteRunner.runTest(SuiteRunner.java:377)
at org.testng.SuiteRunner.runSequentially(SuiteRunner.java:371)
at org.testng.SuiteRunner.privateRun(SuiteRunner.java:332)
at org.testng.SuiteRunner.run(SuiteRunner.java:276)
at org.testng.SuiteRunnerWorker.runSuite(SuiteRunnerWorker.java:53)
at org.testng.SuiteRunnerWorker.run(SuiteRunnerWorker.java:96)
at org.testng.TestNG.runSuitesSequentially(TestNG.java:1212)
at org.testng.TestNG.runSuitesLocally(TestNG.java:1134)
at org.testng.TestNG.runSuites(TestNG.java:1063)
at org.testng.TestNG.run(TestNG.java:1031)
at org.testng.remote.AbstractRemoteTestNG.run(AbstractRemoteTestNG.java:115)
at org.testng.remote.RemoteTestNG.initAndRun(RemoteTestNG.java:251)
at org.testng.remote.RemoteTestNG.main(RemoteTestNG.java:77)
]]>
    </error>
  </testcase> <!-- insurance_Calculate -->
  <system-out/>
  <testcase name="insurance_Calculate" time="82.944" classname="com.insurance_calaculation_motorcycle.EndtoEnd_Test_Motorcycle">
    <error type="java.lang.Exception" message="value is not present in dropdown for WebElement:[[ChromeDriver: chrome on WINDOWS (2ddd75dafbdb665bdc2cf01311b11cc1)] -&gt; xpath: //select[@id=&#039;model&#039;]]Value to be selected is:Vehicle_Model">
      <![CDATA[java.lang.Exception: value is not present in dropdown for WebElement:[[ChromeDriver: chrome on WINDOWS (2ddd75dafbdb665bdc2cf01311b11cc1)] -> xpath: //select[@id='model']]Value to be selected is:Vehicle_Model
at com.reusablecomponent.Common_Methods.selectDropdownOption(Common_Methods.java:22)
at com.pageobjects.Enter_Vehicle_DataPage.enter_VechicleData(Enter_Vehicle_DataPage.java:80)
at com.insurance_calaculation_motorcycle.EndtoEnd_Test_Motorcycle.insurance_Calculate(EndtoEnd_Test_Motorcycle.java:35)
at sun.reflect.NativeMethodAccessorImpl.invoke0(Native Method)
at sun.reflect.NativeMethodAccessorImpl.invoke(Unknown Source)
at sun.reflect.DelegatingMethodAccessorImpl.invoke(Unknown Source)
at java.lang.reflect.Method.invoke(Unknown Source)
at org.testng.internal.MethodInvocationHelper.invokeMethod(MethodInvocationHelper.java:133)
at org.testng.internal.TestInvoker.invokeMethod(TestInvoker.java:598)
at org.testng.internal.TestInvoker.invokeTestMethod(TestInvoker.java:173)
at org.testng.internal.MethodRunner.runInSequence(MethodRunner.java:46)
at org.testng.internal.TestInvoker$MethodInvocationAgent.invoke(TestInvoker.java:824)
at org.testng.internal.TestInvoker.invokeTestMethods(TestInvoker.java:146)
at org.testng.internal.TestMethodWorker.invokeTestMethods(TestMethodWorker.java:146)
at org.testng.internal.TestMethodWorker.run(TestMethodWorker.java:128)
at java.util.ArrayList.forEach(Unknown Source)
at org.testng.TestRunner.privateRun(TestRunner.java:794)
at org.testng.TestRunner.run(TestRunner.java:596)
at org.testng.SuiteRunner.runTest(SuiteRunner.java:377)
at org.testng.SuiteRunner.runSequentially(SuiteRunner.java:371)
at org.testng.SuiteRunner.privateRun(SuiteRunner.java:332)
at org.testng.SuiteRunner.run(SuiteRunner.java:276)
at org.testng.SuiteRunnerWorker.runSuite(SuiteRunnerWorker.java:53)
at org.testng.SuiteRunnerWorker.run(SuiteRunnerWorker.java:96)
at org.testng.TestNG.runSuitesSequentially(TestNG.java:1212)
at org.testng.TestNG.runSuitesLocally(TestNG.java:1134)
at org.testng.TestNG.runSuites(TestNG.java:1063)
at org.testng.TestNG.run(TestNG.java:1031)
at org.testng.remote.AbstractRemoteTestNG.run(AbstractRemoteTestNG.java:115)
at org.testng.remote.RemoteTestNG.initAndRun(RemoteTestNG.java:251)
at org.testng.remote.RemoteTestNG.main(RemoteTestNG.java:77)
]]>
    </error>
  </testcase> <!-- insurance_Calculate -->
  <system-out/>
</testsuite> <!-- com.insurance_calaculation_motorcycle.EndtoEnd_Test_Motorcycle -->
